<?xml version="1.0" encoding="UTF-8"?>
<!-- Generated by org.testng.reporters.JUnitXMLReporter -->
<testsuite ignored="0" hostname="DESKTOP-AUMA2HC" failures="2" tests="10" name="Test" time="0.057" errors="0" timestamp="2023-03-16T12:15:41 IST">
  <testcase classname="Com.TestNG.Test.DemoTest3" name="User" time="0.008"/>
  <testcase classname="Com.TestNG.Test.DemoTest3" name="Dashboard" time="0.008"/>
  <testcase classname="Com.TestNG.Test.DemoTest3" name="Login" time="0.008"/>
  <testcase classname="Com.TestNG.Test.DemoTest3" name="DashboardTitle" time="0.009"/>
  <testcase classname="Com.TestNG.Test.DemoTest3" name="LoginTitle" time="0.011">
    <failure type="java.lang.AssertionError" message="expected [true] but found [false]">
      <![CDATA[java.lang.AssertionError: expected [true] but found [false]
at Com.TestNG.Test.DemoTest3.LoginTitle(DemoTest3.java:28)
at java.base/java.util.concurrent.ThreadPoolExecutor.runWorker(ThreadPoolExecutor.java:1128)
at java.base/java.util.concurrent.ThreadPoolExecutor$Worker.run(ThreadPoolExecutor.java:628)
at java.base/java.lang.Thread.run(Thread.java:834)
... Removed 16 stack frames]]>
    </failure>
  </testcase> <!-- LoginTitle -->
  <testcase classname="Com.TestNG.Test.DemoTest2" name="Login" time="0.002"/>
  <testcase classname="Com.TestNG.Test.DemoTest2" name="Dashboard" time="0.003"/>
  <testcase classname="Com.TestNG.Test.DemoTest2" name="DashboardTitle" time="0.003"/>
  <testcase classname="Com.TestNG.Test.DemoTest2" name="User" time="0.003"/>
  <testcase classname="Com.TestNG.Test.DemoTest2" name="LoginTitle" time="0.005">
    <failure type="java.lang.AssertionError" message="expected [true] but found [false]">
      <![CDATA[java.lang.AssertionError: expected [true] but found [false]
at Com.TestNG.Test.DemoTest2.LoginTitle(DemoTest2.java:28)
at java.base/java.util.concurrent.ThreadPoolExecutor.runWorker(ThreadPoolExecutor.java:1128)
at java.base/java.util.concurrent.ThreadPoolExecutor$Worker.run(ThreadPoolExecutor.java:628)
at java.base/java.lang.Thread.run(Thread.java:834)
... Removed 16 stack frames]]>
    </failure>
  </testcase> <!-- LoginTitle -->
</testsuite> <!-- Test -->
