<?xml version="1.0" encoding="UTF-8"?>
<testng-results ignored="0" total="1" passed="1" failed="0" skipped="0">
  <reporter-output>
  </reporter-output>
  <suite started-at="2023-03-18T18:59:41 IST" name="Default suite" finished-at="2023-03-18T18:59:57 IST" duration-ms="16018">
    <groups>
    </groups>
    <test started-at="2023-03-18T18:59:41 IST" name="Default test" finished-at="2023-03-18T18:59:57 IST" duration-ms="16018">
      <class name="Com.FrameHandelling.RedbusLogin">
        <test-method signature="login()[pri:0, instance:Com.FrameHandelling.RedbusLogin@79da8dc5]" started-at="2023-03-18T18:59:41 IST" name="login" finished-at="2023-03-18T18:59:57 IST" duration-ms="15984" status="PASS">
          <reporter-output>
          </reporter-output>
        </test-method> <!-- login -->
      </class> <!-- Com.FrameHandelling.RedbusLogin -->
    </test> <!-- Default test -->
  </suite> <!-- Default suite -->
</testng-results>
